API server listening at: 127.0.0.1:25708
___  starnames ___
         *cosmos 636f736d6f732a                   {1 [100 97 118 101]} {2 [99 111 115 109 111 115]}
  binance*cosmos 636f736d6f732a62696e616e6365     {1 [97 110 116 111 105 110 101]} {2 [99 111 115 109 111 115]}
 coinbase*cosmos 636f736d6f732a636f696e62617365   {1 [100 97 118 101]} {2 [99 111 115 109 111 115]}
   kraken*cosmos 636f736d6f732a6b72616b656e       {1 [97 110 116 111 105 110 101]} {2 [99 111 115 109 111 115]}
            *iov 696f762a                         {1 [97 110 116 111 105 110 101]} {2 [105 111 118]}
     binance*iov 696f762a62696e616e6365           {1 [100 97 118 101]} {2 [105 111 118]}
    coinbase*iov 696f762a636f696e62617365         {1 [97 110 116 111 105 110 101]} {2 [105 111 118]}
      kraken*iov 696f762a6b72616b656e             {1 [100 97 118 101]} {2 [105 111 118]}
___ ~starnames ___
___  antoine ___
  binance*cosmos 636f736d6f732a62696e616e6365     {1 [97 110 116 111 105 110 101]} {2 [99 111 115 109 111 115]}
   kraken*cosmos 636f736d6f732a6b72616b656e       {1 [97 110 116 111 105 110 101]} {2 [99 111 115 109 111 115]}
            *iov 696f762a                         {1 [97 110 116 111 105 110 101]} {2 [105 111 118]}
    coinbase*iov 696f762a636f696e62617365         {1 [97 110 116 111 105 110 101]} {2 [105 111 118]}
___ ~antoine ___
___  dave ___
         *cosmos 636f736d6f732a                   {1 [100 97 118 101]} {2 [99 111 115 109 111 115]}
 coinbase*cosmos 636f736d6f732a636f696e62617365   {1 [100 97 118 101]} {2 [99 111 115 109 111 115]}
     binance*iov 696f762a62696e616e6365           {1 [100 97 118 101]} {2 [105 111 118]}
      kraken*iov 696f762a6b72616b656e             {1 [100 97 118 101]} {2 [105 111 118]}
___ ~dave ___
___  antoine un-ranged wants ___
  binance*cosmos 636f736d6f732a62696e616e6365     {1 [97 110 116 111 105 110 101]} {2 [99 111 115 109 111 115]}
   kraken*cosmos 636f736d6f732a6b72616b656e       {1 [97 110 116 111 105 110 101]} {2 [99 111 115 109 111 115]}
            *iov 696f762a                         {1 [97 110 116 111 105 110 101]} {2 [105 111 118]}
    coinbase*iov 696f762a636f696e62617365         {1 [97 110 116 111 105 110 101]} {2 [105 111 118]}
___ ~antoine un-ranged wants ___
            *iov 696f762a                         {1 [97 110 116 111 105 110 101]} {2 [105 111 118]}
--- FAIL: Test_Starname (0.00s)
    --- FAIL: Test_Starname/success_on_un-ranged_owned_accounts (0.00s)
        crud_test.go:167: byOwner[antoine][0]: binance*cosmos != *iov: wanted Domain 'cosmos' but got 'iov'
FAIL
